<?xml version = '1.0' encoding = 'UTF-8'?>
<usages xmlns="http://xmlns.oracle.com/jdeveloper/110000//usages-tracking-data">
   <hash n="system-info">
      <value n="build-label" v="347.1826"/>
      <value n="dev-build" v="false"/>
      <value n="guid" v="4264a2c5-0199-1000-8001-c0a801ca940e"/>
      <value n="jdk-version" v="17.0.10"/>
      <value n="operating-system" v="Windows 11"/>
      <value n="product-edition"/>
      <value n="product-name" v="Oracle SQL Developer"/>
      <value n="product-version" v="24.3.1.347.1826"/>
      <value n="session-end-time" v="1757765256148"/>
      <value n="session-id" v="1757764213511"/>
      <value n="session-start-time" v="1757764213511"/>
      <value n="user-role"/>
   </hash>
   <hash n="usage-data">
      <list n="activities">
         <hash>
            <value n="event-id" v="ACTIVATE_EDITOR"/>
            <hash n="event-properties">
               <value n="node-class" v="oracle.dbtools.raptor.startpage.StartPageNode"/>
            </hash>
            <value n="event-source" v="oracle.dbtools.raptor.startpage.StartPageViewer"/>
            <value n="time-stamp" v="1757764218616"/>
         </hash>
         <hash>
            <value n="event-id" v="CREATE_CONNECTION"/>
            <hash n="event-properties">
               <value n="db-type" v="oraJDBC"/>
            </hash>
            <value n="event-source" v="DB"/>
            <value n="time-stamp" v="1757764375511"/>
         </hash>
         <hash>
            <value n="event-id" v="ACTIVATE_EDITOR"/>
            <hash n="event-properties">
               <value n="node-class" v="oracle.ide.db.model.SqlNode"/>
            </hash>
            <value n="event-source" v="oracle.dbtools.worksheet.editor.Worksheet"/>
            <value n="time-stamp" v="1757764379238"/>
         </hash>
         <hash>
            <value n="event-id" v="ACTIVATE_EDITOR"/>
            <hash n="event-properties">
               <value n="node-class" v="oracle.ide.db.model.SqlNode"/>
            </hash>
            <value n="event-source" v="oracle.dbtools.worksheet.editor.Worksheet"/>
            <value n="time-stamp" v="1757764403696"/>
         </hash>
         <hash>
            <value n="event-id" v="CREATE_DOCUMENT"/>
            <hash n="event-properties">
               <value n="wizard-label" v="SQL File"/>
            </hash>
            <value n="event-source" v="oracle.dbtools.raptor.dialogs.file.NewSqlFile"/>
            <value n="time-stamp" v="1757764493114"/>
         </hash>
         <hash>
            <value n="event-id" v="ACTIVATE_EDITOR"/>
            <hash n="event-properties">
               <value n="node-class" v="oracle.ide.db.model.SqlNode"/>
            </hash>
            <value n="event-source" v="oracle.dbtools.worksheet.editor.Worksheet"/>
            <value n="time-stamp" v="1757764503423"/>
         </hash>
         <hash>
            <value n="event-id" v="ACTIVATE_EDITOR"/>
            <hash n="event-properties">
               <value n="node-class" v="oracle.ide.db.model.SqlNode"/>
            </hash>
            <value n="event-source" v="oracle.dbtools.worksheet.editor.Worksheet"/>
            <value n="time-stamp" v="1757764505928"/>
         </hash>
         <hash>
            <value n="event-id" v="ACTIVATE_EDITOR"/>
            <hash n="event-properties">
               <value n="node-class" v="oracle.ide.db.model.SqlNode"/>
            </hash>
            <value n="event-source" v="oracle.dbtools.worksheet.editor.Worksheet"/>
            <value n="time-stamp" v="1757764506747"/>
         </hash>
         <hash>
            <value n="event-id" v="ACTIVATE_EDITOR"/>
            <hash n="event-properties">
               <value n="node-class" v="oracle.ide.db.model.SqlNode"/>
            </hash>
            <value n="event-source" v="oracle.dbtools.worksheet.editor.Worksheet"/>
            <value n="time-stamp" v="1757764507645"/>
         </hash>
         <hash>
            <value n="event-id" v="ACTIVATE_EDITOR"/>
            <hash n="event-properties">
               <value n="node-class" v="oracle.ide.db.model.SqlNode"/>
            </hash>
            <value n="event-source" v="oracle.dbtools.worksheet.editor.Worksheet"/>
            <value n="time-stamp" v="1757764508089"/>
         </hash>
         <hash>
            <value n="event-id" v="ACTIVATE_EDITOR"/>
            <hash n="event-properties">
               <value n="node-class" v="oracle.ide.db.model.SqlNode"/>
            </hash>
            <value n="event-source" v="oracle.dbtools.worksheet.editor.Worksheet"/>
            <value n="time-stamp" v="1757764547894"/>
         </hash>
         <hash>
            <value n="event-id" v="ACTIVATE_EDITOR"/>
            <hash n="event-properties">
               <value n="node-class" v="oracle.ide.db.model.SqlNode"/>
            </hash>
            <value n="event-source" v="oracle.dbtools.worksheet.editor.Worksheet"/>
            <value n="time-stamp" v="1757764645048"/>
         </hash>
         <hash>
            <value n="event-id" v="ACTIVATE_EDITOR"/>
            <hash n="event-properties">
               <value n="node-class" v="oracle.dbtools.raptor.oviewer.base.ViewerNode"/>
            </hash>
            <value n="event-source" v="oracle.dbtools.raptor.oviewer.xmleditor.holders.XMLBasedEditor0"/>
            <value n="time-stamp" v="1757764724076"/>
         </hash>
         <hash>
            <value n="event-id" v="ACTIVATE_EDITOR"/>
            <hash n="event-properties">
               <value n="node-class" v="oracle.dbtools.raptor.oviewer.base.ViewerNode"/>
            </hash>
            <value n="event-source" v="oracle.dbtools.raptor.oviewer.xmleditor.holders.XMLBasedEditor0"/>
            <value n="time-stamp" v="1757764783348"/>
         </hash>
         <hash>
            <value n="event-id" v="ACTIVATE_EDITOR"/>
            <hash n="event-properties">
               <value n="node-class" v="oracle.dbtools.raptor.oviewer.base.ViewerNode"/>
            </hash>
            <value n="event-source" v="oracle.dbtools.raptor.oviewer.xmleditor.holders.XMLBasedEditor0"/>
            <value n="time-stamp" v="1757764806060"/>
         </hash>
         <hash>
            <value n="event-id" v="ACTIVATE_EDITOR"/>
            <hash n="event-properties">
               <value n="node-class" v="oracle.dbtools.raptor.oviewer.base.ViewerNode"/>
            </hash>
            <value n="event-source" v="oracle.dbtools.raptor.oviewer.xmleditor.holders.XMLBasedEditor0"/>
            <value n="time-stamp" v="1757764832258"/>
         </hash>
         <hash>
            <value n="event-id" v="ACTIVATE_EDITOR"/>
            <hash n="event-properties">
               <value n="node-class" v="oracle.ide.db.model.SqlNode"/>
            </hash>
            <value n="event-source" v="oracle.dbtools.worksheet.editor.Worksheet"/>
            <value n="time-stamp" v="1757765028163"/>
         </hash>
         <hash>
            <value n="event-id" v="ACTIVATE_EDITOR"/>
            <hash n="event-properties">
               <value n="node-class" v="oracle.ide.db.model.SqlNode"/>
            </hash>
            <value n="event-source" v="oracle.jdevimpl.history.HistoryViewer"/>
            <value n="time-stamp" v="1757765032267"/>
         </hash>
         <hash>
            <value n="event-id" v="ACTIVATE_EDITOR"/>
            <hash n="event-properties">
               <value n="node-class" v="oracle.ide.db.model.SqlNode"/>
            </hash>
            <value n="event-source" v="oracle.jdevimpl.history.HistoryViewer"/>
            <value n="time-stamp" v="1757765032472"/>
         </hash>
         <hash>
            <value n="event-id" v="ACTIVATE_EDITOR"/>
            <hash n="event-properties">
               <value n="node-class" v="oracle.ide.db.model.SqlNode"/>
            </hash>
            <value n="event-source" v="oracle.dbtools.worksheet.editor.Worksheet"/>
            <value n="time-stamp" v="1757765066301"/>
         </hash>
         <hash>
            <value n="event-id" v="ACTIVATE_EDITOR"/>
            <hash n="event-properties">
               <value n="node-class" v="oracle.dbtools.raptor.oviewer.base.ViewerNode"/>
            </hash>
            <value n="event-source" v="oracle.dbtools.raptor.oviewer.xmleditor.holders.XMLBasedEditor0"/>
            <value n="time-stamp" v="1757765108009"/>
         </hash>
         <hash>
            <value n="event-id" v="ACTIVATE_EDITOR"/>
            <hash n="event-properties">
               <value n="node-class" v="oracle.ide.db.model.SqlNode"/>
            </hash>
            <value n="event-source" v="oracle.dbtools.worksheet.editor.Worksheet"/>
            <value n="time-stamp" v="1757765111905"/>
         </hash>
         <hash>
            <value n="event-id" v="ACTIVATE_EDITOR"/>
            <hash n="event-properties">
               <value n="node-class" v="oracle.ide.db.model.SqlNode"/>
            </hash>
            <value n="event-source" v="oracle.dbtools.worksheet.editor.Worksheet"/>
            <value n="time-stamp" v="1757765163690"/>
         </hash>
         <hash>
            <value n="event-id" v="ACTIVATE_EDITOR"/>
            <hash n="event-properties">
               <value n="node-class" v="oracle.ide.db.model.SqlNode"/>
            </hash>
            <value n="event-source" v="oracle.dbtools.worksheet.editor.Worksheet"/>
            <value n="time-stamp" v="1757765209558"/>
         </hash>
      </list>
   </hash>
</usages>
